2023-11-22 12:33:46,865 p=325991 u=root n=ansible | PLAY [all] **********************************************************************************************************************************************************************
2023-11-22 12:33:46,879 p=325991 u=root n=ansible | TASK [Gathering Facts] **********************************************************************************************************************************************************
2023-11-22 12:33:49,732 p=325991 u=root n=ansible | ok: [eupolodaps33]
2023-11-22 12:33:49,960 p=325991 u=root n=ansible | ok: [eupolodadm10]
2023-11-22 12:33:50,049 p=325991 u=root n=ansible | TASK [Update Repository Cache on Debian Servers] ********************************************************************************************************************************
2023-11-22 12:33:50,156 p=325991 u=root n=ansible | skipping: [eupolodadm10]
2023-11-22 12:33:53,901 p=325991 u=root n=ansible | ok: [eupolodaps33]
2023-11-22 12:33:54,045 p=325991 u=root n=ansible | PLAY RECAP **********************************************************************************************************************************************************************
2023-11-22 12:33:54,045 p=325991 u=root n=ansible | eupolodadm10               : ok=1    changed=0    unreachable=0    failed=0    skipped=1    rescued=0    ignored=0   
2023-11-22 12:33:54,046 p=325991 u=root n=ansible | eupolodaps33               : ok=2    changed=0    unreachable=0    failed=0    skipped=0    rescued=0    ignored=0   
2023-11-22 15:16:26,799 p=327920 u=root n=ansible | PLAY [all] **********************************************************************************************************************************************************************
2023-11-22 15:16:26,814 p=327920 u=root n=ansible | TASK [Gathering Facts] **********************************************************************************************************************************************************
2023-11-22 15:16:30,143 p=327920 u=root n=ansible | ok: [eupolodadm10]
2023-11-22 15:16:36,162 p=327920 u=root n=ansible | ok: [eupolodaps33]
2023-11-22 15:16:36,264 p=327920 u=root n=ansible | TASK [Update Repository Cache on Debian Servers] ********************************************************************************************************************************
2023-11-22 15:16:36,365 p=327920 u=root n=ansible | skipping: [eupolodadm10]
2023-11-22 15:16:57,247 p=327920 u=root n=ansible | ok: [eupolodaps33]
2023-11-22 15:16:57,266 p=327920 u=root n=ansible | TASK [Update Cleanup on Debian Servers] *****************************************************************************************************************************************
2023-11-22 15:16:57,388 p=327920 u=root n=ansible | skipping: [eupolodadm10]
2023-11-22 15:17:16,234 p=327920 u=root n=ansible | ok: [eupolodaps33]
2023-11-22 15:17:16,416 p=327920 u=root n=ansible | PLAY RECAP **********************************************************************************************************************************************************************
2023-11-22 15:17:16,416 p=327920 u=root n=ansible | eupolodadm10               : ok=1    changed=0    unreachable=0    failed=0    skipped=2    rescued=0    ignored=0   
2023-11-22 15:17:16,417 p=327920 u=root n=ansible | eupolodaps33               : ok=3    changed=0    unreachable=0    failed=0    skipped=0    rescued=0    ignored=0   
2023-11-23 08:10:53,531 p=339909 u=root n=ansible | PLAY [all] **********************************************************************************************************************************************************************
2023-11-23 08:10:53,550 p=339909 u=root n=ansible | TASK [Gathering Facts] **********************************************************************************************************************************************************
2023-11-23 08:10:57,086 p=339909 u=root n=ansible | ok: [eupolodaps33]
2023-11-23 08:10:57,345 p=339909 u=root n=ansible | ok: [eupolodadm10]
2023-11-23 08:10:57,435 p=339909 u=root n=ansible | TASK [Update Repository Cache on Debian Servers] ********************************************************************************************************************************
2023-11-23 08:10:57,544 p=339909 u=root n=ansible | skipping: [eupolodadm10]
2023-11-23 08:11:03,116 p=339909 u=root n=ansible | changed: [eupolodaps33]
2023-11-23 08:11:03,134 p=339909 u=root n=ansible | TASK [Update Cleanup on Debian Servers] *****************************************************************************************************************************************
2023-11-23 08:11:03,242 p=339909 u=root n=ansible | skipping: [eupolodadm10]
2023-11-23 08:11:06,753 p=339909 u=root n=ansible | ok: [eupolodaps33]
2023-11-23 08:11:06,906 p=339909 u=root n=ansible | PLAY RECAP **********************************************************************************************************************************************************************
2023-11-23 08:11:06,908 p=339909 u=root n=ansible | eupolodadm10               : ok=1    changed=0    unreachable=0    failed=0    skipped=2    rescued=0    ignored=0   
2023-11-23 08:11:06,908 p=339909 u=root n=ansible | eupolodaps33               : ok=3    changed=1    unreachable=0    failed=0    skipped=0    rescued=0    ignored=0   
2023-11-23 08:12:54,623 p=339994 u=root n=ansible | PLAY [all] **********************************************************************************************************************************************************************
2023-11-23 08:12:54,643 p=339994 u=root n=ansible | TASK [Gathering Facts] **********************************************************************************************************************************************************
2023-11-23 08:12:57,717 p=339994 u=root n=ansible | ok: [eupolodaps33]
2023-11-23 08:12:57,912 p=339994 u=root n=ansible | ok: [eupolodadm10]
2023-11-23 08:12:57,994 p=339994 u=root n=ansible | TASK [Distribution version] *****************************************************************************************************************************************************
2023-11-23 08:12:58,078 p=339994 u=root n=ansible | ok: [eupolodaps33] => {
    "msg": "Debian 12.1"
}
2023-11-23 08:12:58,095 p=339994 u=root n=ansible | skipping: [eupolodadm10]
2023-11-23 08:12:58,116 p=339994 u=root n=ansible | TASK [Kernel version] ***********************************************************************************************************************************************************
2023-11-23 08:12:58,195 p=339994 u=root n=ansible | ok: [eupolodaps33] => {
    "msg": "Kernel: 6.1.0-12-amd64"
}
2023-11-23 08:12:58,249 p=339994 u=root n=ansible | ok: [eupolodadm10] => {
    "msg": "Kernel: 4.18.0-348.2.1.el8_5.x86_64"
}
2023-11-23 08:12:58,274 p=339994 u=root n=ansible | TASK [Uptime] *******************************************************************************************************************************************************************
2023-11-23 08:12:59,451 p=339994 u=root n=ansible | changed: [eupolodaps33]
2023-11-23 08:12:59,591 p=339994 u=root n=ansible | changed: [eupolodadm10]
2023-11-23 08:12:59,611 p=339994 u=root n=ansible | TASK [debug] ********************************************************************************************************************************************************************
2023-11-23 08:12:59,684 p=339994 u=root n=ansible | ok: [eupolodaps33] => {
    "msg": " 08:12:59 up 16:59,  2 users,  load average: 0.00, 0.00, 0.00"
}
2023-11-23 08:12:59,733 p=339994 u=root n=ansible | ok: [eupolodadm10] => {
    "msg": " 08:12:59 up 127 days,  1:43,  1 user,  load average: 0.00, 0.03, 0.06"
}
2023-11-23 08:12:59,855 p=339994 u=root n=ansible | PLAY RECAP **********************************************************************************************************************************************************************
2023-11-23 08:12:59,855 p=339994 u=root n=ansible | eupolodadm10               : ok=4    changed=1    unreachable=0    failed=0    skipped=1    rescued=0    ignored=0   
2023-11-23 08:12:59,856 p=339994 u=root n=ansible | eupolodaps33               : ok=5    changed=1    unreachable=0    failed=0    skipped=0    rescued=0    ignored=0   
2023-11-23 08:15:35,689 p=340096 u=root n=ansible | PLAY [all] **********************************************************************************************************************************************************************
2023-11-23 08:15:35,702 p=340096 u=root n=ansible | TASK [Gathering Facts] **********************************************************************************************************************************************************
2023-11-23 08:15:38,832 p=340096 u=root n=ansible | ok: [eupolodaps33]
2023-11-23 08:15:39,230 p=340096 u=root n=ansible | ok: [eupolodadm10]
2023-11-23 08:15:39,304 p=340096 u=root n=ansible | TASK [Update Repository Cache on Debian Servers] ********************************************************************************************************************************
2023-11-23 08:15:39,410 p=340096 u=root n=ansible | skipping: [eupolodadm10]
2023-11-23 08:15:43,263 p=340096 u=root n=ansible | ok: [eupolodaps33]
2023-11-23 08:15:43,281 p=340096 u=root n=ansible | TASK [Update Packages on Debian Servers] ****************************************************************************************************************************************
2023-11-23 08:15:43,398 p=340096 u=root n=ansible | skipping: [eupolodadm10]
2023-11-23 08:18:51,352 p=340096 u=root n=ansible | changed: [eupolodaps33]
2023-11-23 08:18:51,359 p=340096 u=root n=ansible | TASK [Update Cleanup on Debian Servers] *****************************************************************************************************************************************
2023-11-23 08:18:51,432 p=340096 u=root n=ansible | skipping: [eupolodadm10]
2023-11-23 08:18:55,235 p=340096 u=root n=ansible | ok: [eupolodaps33]
2023-11-23 08:18:55,353 p=340096 u=root n=ansible | PLAY RECAP **********************************************************************************************************************************************************************
2023-11-23 08:18:55,353 p=340096 u=root n=ansible | eupolodadm10               : ok=1    changed=0    unreachable=0    failed=0    skipped=3    rescued=0    ignored=0   
2023-11-23 08:18:55,354 p=340096 u=root n=ansible | eupolodaps33               : ok=4    changed=1    unreachable=0    failed=0    skipped=0    rescued=0    ignored=0   
2023-11-23 08:21:41,798 p=340239 u=root n=ansible | PLAY [all] **********************************************************************************************************************************************************************
2023-11-23 08:21:41,813 p=340239 u=root n=ansible | TASK [Gathering Facts] **********************************************************************************************************************************************************
2023-11-23 08:21:45,162 p=340239 u=root n=ansible | ok: [eupolodaps33]
2023-11-23 08:21:45,427 p=340239 u=root n=ansible | ok: [eupolodadm10]
2023-11-23 08:21:45,516 p=340239 u=root n=ansible | TASK [Distribution version] *****************************************************************************************************************************************************
2023-11-23 08:21:45,609 p=340239 u=root n=ansible | skipping: [eupolodadm10]
2023-11-23 08:21:45,614 p=340239 u=root n=ansible | ok: [eupolodaps33] => {
    "msg": "Debian 12.2"
}
2023-11-23 08:21:45,633 p=340239 u=root n=ansible | TASK [Kernel version] ***********************************************************************************************************************************************************
2023-11-23 08:21:45,720 p=340239 u=root n=ansible | ok: [eupolodaps33] => {
    "msg": "Kernel: 6.1.0-12-amd64"
}
2023-11-23 08:21:45,753 p=340239 u=root n=ansible | ok: [eupolodadm10] => {
    "msg": "Kernel: 4.18.0-348.2.1.el8_5.x86_64"
}
2023-11-23 08:21:45,775 p=340239 u=root n=ansible | TASK [Uptime] *******************************************************************************************************************************************************************
2023-11-23 08:21:46,997 p=340239 u=root n=ansible | changed: [eupolodaps33]
2023-11-23 08:21:47,049 p=340239 u=root n=ansible | changed: [eupolodadm10]
2023-11-23 08:21:47,068 p=340239 u=root n=ansible | TASK [debug] ********************************************************************************************************************************************************************
2023-11-23 08:21:47,155 p=340239 u=root n=ansible | ok: [eupolodaps33] => {
    "msg": " 08:21:46 up 17:08,  2 users,  load average: 0.23, 0.43, 0.24"
}
2023-11-23 08:21:47,192 p=340239 u=root n=ansible | ok: [eupolodadm10] => {
    "msg": " 08:21:46 up 127 days,  1:52,  1 user,  load average: 0.11, 0.08, 0.08"
}
2023-11-23 08:21:47,322 p=340239 u=root n=ansible | PLAY RECAP **********************************************************************************************************************************************************************
2023-11-23 08:21:47,322 p=340239 u=root n=ansible | eupolodadm10               : ok=4    changed=1    unreachable=0    failed=0    skipped=1    rescued=0    ignored=0   
2023-11-23 08:21:47,323 p=340239 u=root n=ansible | eupolodaps33               : ok=5    changed=1    unreachable=0    failed=0    skipped=0    rescued=0    ignored=0   
